2025-02-05 14:35:00 | WARN | repo=richrates | action=commit
2025-07-19 11:29:00 | INFO | repo=richrates | action=commit
2025-08-13 10:10:00 | INFO | repo=richrates | action=commit
2025-07-08 21:11:00 | WARN | repo=richrates | action=commit
2025-06-22 10:08:00 | DEBUG | repo=richrates | action=commit
2025-03-20 15:05:00 | WARN | repo=richrates | action=commit
2025-07-08 21:07:00 | WARN | repo=richrates | action=commit
2025-11-23 08:01:00 | DEBUG | repo=richrates | action=commit
2025-01-21 21:17:00 | INFO | repo=richrates | action=commit
2025-11-07 21:16:00 | WARN | repo=richrates | action=commit
2025-07-21 07:51:00 | INFO | repo=richrates | action=commit
2025-01-06 17:58:00 | DEBUG | repo=richrates | action=commit
2025-06-17 14:26:00 | WARN | repo=richrates | action=commit
2025-11-03 10:15:00 | INFO | repo=richrates | action=commit
2025-02-02 19:29:00 | INFO | repo=richrates | action=commit
2025-08-25 19:35:00 | INFO | repo=richrates | action=commit
2025-05-10 20:56:00 | DEBUG | repo=richrates | action=commit
2025-10-24 21:27:00 | INFO | repo=richrates | action=commit
2025-09-02 17:07:00 | INFO | repo=richrates | action=commit
2025-04-11 19:13:00 | INFO | repo=richrates | action=commit
2025-01-06 14:06:00 | INFO | repo=richrates | action=edit | files=3
2025-06-09 15:37:00 | INFO | repo=richrates | action=test | passed=true
2025-03-21 18:25:00 | WARN | repo=richrates | action=commit
2025-09-08 10:40:00 | INFO | repo=richrates | action=commit
2025-05-19 07:21:00 | INFO | repo=richrates | action=commit
2025-01-11 13:21:00 | DEBUG | repo=richrates | action=commit
